<?xml version='1.0' encoding='UTF-8'?>
<testsuite hostname="DESKTOP-3N7HHOH" name="conv.ConvAtPointMultiOut_SASpec" tests="1" errors="0" failures="1" skipped="0" time="11.785" timestamp="2026-01-06T14:47:47">
          <properties>
[...]
</properties>
          <testcase classname="conv.ConvAtPointMultiOut_SASpec" name="ConvAtPointMultiOut_SA should match rc.py y[m=0..2, oh=0, ow=0]" time="11.785">
                      <failure message="m=1 y_out mismatch, expected=8 got=0: 0 was not equal to 8" type="org.scalatest.exceptions.TestFailedException">org.scalatest.exceptions.TestFailedException: m=1 y_out mismatch, expected=8 got=0: 0 was not equal to 8
	at org.scalatest.matchers.MatchersHelper$.indicateFailure(MatchersHelper.scala:392)
	at org.scalatest.matchers.must.Matchers$AnyMustWrapper.mustBe(Matchers.scala:7539)
	at conv.ConvAtPointMultiOut_SASpec.$anonfun$new$14(ConvAtPointMultiOut_SASpec.scala:106)
	at org.scalatest.Assertions.withClue(Assertions.scala:1065)
	at org.scalatest.Assertions.withClue$(Assertions.scala:1052)
	at org.scalatest.freespec.AnyFreeSpec.withClue(AnyFreeSpec.scala:1740)
	at conv.ConvAtPointMultiOut_SASpec.$anonfun$new$13(ConvAtPointMultiOut_SASpec.scala:106)
	at conv.ConvAtPointMultiOut_SASpec.$anonfun$new$13$adapted(ConvAtPointMultiOut_SASpec.scala:102)
	at scala.collection.immutable.Range.foreach(Range.scala:190)
	at conv.ConvAtPointMultiOut_SASpec.$anonfun$new$3(ConvAtPointMultiOut_SASpec.scala:102)
	at conv.ConvAtPointMultiOut_SASpec.$anonfun$new$3$adapted(ConvAtPointMultiOut_SASpec.scala:70)
	at chisel3.simulator.EphemeralSimulator$.$anonfun$simulate$1(EphemeralSimulator.scala:25)
	at chisel3.simulator.EphemeralSimulator$.$anonfun$simulate$1$adapted(EphemeralSimulator.scala:25)
	at chisel3.simulator.Simulator.$anonfun$_simulate$1(Simulator.scala:111)
	at chisel3.simulator.package$ChiselSimulation.$anonfun$runElaboratedModule$2(package.scala:98)
	at scala.util.DynamicVariable.withValue(DynamicVariable.scala:59)
	at chisel3.simulator.package$AnySimulatedModule$.withValue(package.scala:82)
	at chisel3.simulator.package$ChiselSimulation.$anonfun$runElaboratedModule$1(package.scala:98)
	at svsim.Simulation.$anonfun$run$3(Simulation.scala:51)
	at scala.util.Try$.apply(Try.scala:217)
	at svsim.Simulation.run(Simulation.scala:50)
	at chisel3.simulator.package$ChiselSimulation.runElaboratedModule(package.scala:95)
	at chisel3.simulator.Simulator$WorkspaceCompiler.$anonfun$process$1(Simulator.scala:64)
	at scala.util.Try$.apply(Try.scala:217)
	at chisel3.simulator.Simulator$WorkspaceCompiler.liftedTree1$1(Simulator.scala:64)
	at chisel3.simulator.Simulator$WorkspaceCompiler.process(Simulator.scala:53)
	at chisel3.simulator.SingleBackendSimulator.processBackends(Simulator.scala:139)
	at chisel3.simulator.SingleBackendSimulator.processBackends$(Simulator.scala:138)
	at chisel3.simulator.EphemeralSimulator$DefaultSimulator.processBackends(EphemeralSimulator.scala:28)
	at chisel3.simulator.Simulator._simulate(Simulator.scala:116)
	at chisel3.simulator.Simulator._simulate$(Simulator.scala:97)
	at chisel3.simulator.EphemeralSimulator$DefaultSimulator._simulate(EphemeralSimulator.scala:28)
	at chisel3.simulator.SingleBackendSimulator.simulate(Simulator.scala:146)
	at chisel3.simulator.SingleBackendSimulator.simulate$(Simulator.scala:142)
	at chisel3.simulator.EphemeralSimulator$DefaultSimulator.simulate(EphemeralSimulator.scala:28)
	at chisel3.simulator.EphemeralSimulator$.simulate(EphemeralSimulator.scala:25)
	at conv.ConvAtPointMultiOut_SASpec.$anonfun$new$1(ConvAtPointMultiOut_SASpec.scala:70)
	at scala.runtime.java8.JFunction0$mcV$sp.apply(JFunction0$mcV$sp.scala:18)
	at org.scalatest.OutcomeOf.outcomeOf(OutcomeOf.scala:85)
	at org.scalatest.OutcomeOf.outcomeOf$(OutcomeOf.scala:83)
	at org.scalatest.OutcomeOf$.outcomeOf(OutcomeOf.scala:104)
	at org.scalatest.Transformer.apply(Transformer.scala:22)
	at org.scalatest.Transformer.apply(Transformer.scala:20)
	at org.scalatest.freespec.AnyFreeSpecLike$$anon$1.apply(AnyFreeSpecLike.scala:437)
	at org.scalatest.TestSuite.withFixture(TestSuite.scala:196)
	at org.scalatest.TestSuite.withFixture$(TestSuite.scala:195)
	at org.scalatest.freespec.AnyFreeSpec.withFixture(AnyFreeSpec.scala:1740)
	at org.scalatest.freespec.AnyFreeSpecLike.invokeWithFixture$1(AnyFreeSpecLike.scala:435)
	at org.scalatest.freespec.AnyFreeSpecLike.$anonfun$runTest$1(AnyFreeSpecLike.scala:447)
	at org.scalatest.SuperEngine.runTestImpl(Engine.scala:306)
	at org.scalatest.freespec.AnyFreeSpecLike.runTest(AnyFreeSpecLike.scala:447)
	at org.scalatest.freespec.AnyFreeSpecLike.runTest$(AnyFreeSpecLike.scala:429)
	at org.scalatest.freespec.AnyFreeSpec.runTest(AnyFreeSpec.scala:1740)
	at org.scalatest.freespec.AnyFreeSpecLike.$anonfun$runTests$1(AnyFreeSpecLike.scala:506)
	at org.scalatest.SuperEngine.$anonfun$runTestsInBranch$1(Engine.scala:413)
	at scala.collection.immutable.List.foreach(List.scala:334)
	at org.scalatest.SuperEngine.traverseSubNodes$1(Engine.scala:401)
	at org.scalatest.SuperEngine.runTestsInBranch(Engine.scala:396)
	at org.scalatest.SuperEngine.runTestsImpl(Engine.scala:475)
	at org.scalatest.freespec.AnyFreeSpecLike.runTests(AnyFreeSpecLike.scala:506)
	at org.scalatest.freespec.AnyFreeSpecLike.runTests$(AnyFreeSpecLike.scala:505)
	at org.scalatest.freespec.AnyFreeSpec.runTests(AnyFreeSpec.scala:1740)
	at org.scalatest.Suite.run(Suite.scala:1114)
	at org.scalatest.Suite.run$(Suite.scala:1096)
	at org.scalatest.freespec.AnyFreeSpec.org$scalatest$freespec$AnyFreeSpecLike$$super$run(AnyFreeSpec.scala:1740)
	at org.scalatest.freespec.AnyFreeSpecLike.$anonfun$run$1(AnyFreeSpecLike.scala:550)
	at org.scalatest.SuperEngine.runImpl(Engine.scala:535)
	at org.scalatest.freespec.AnyFreeSpecLike.run(AnyFreeSpecLike.scala:550)
	at org.scalatest.freespec.AnyFreeSpecLike.run$(AnyFreeSpecLike.scala:549)
	at org.scalatest.freespec.AnyFreeSpec.run(AnyFreeSpec.scala:1740)
	at org.scalatest.tools.Framework.org$scalatest$tools$Framework$$runSuite(Framework.scala:321)
	at org.scalatest.tools.Framework$ScalaTestTask.execute(Framework.scala:517)
	at sbt.TestRunner.runTest$1(TestFramework.scala:153)
	at sbt.TestRunner.run(TestFramework.scala:168)
	at sbt.TestFramework$$anon$3$$anonfun$$lessinit$greater$1.$anonfun$apply$1(TestFramework.scala:336)
	at sbt.TestFramework$.sbt$TestFramework$$withContextLoader(TestFramework.scala:296)
	at sbt.TestFramework$$anon$3$$anonfun$$lessinit$greater$1.apply(TestFramework.scala:336)
	at sbt.TestFramework$$anon$3$$anonfun$$lessinit$greater$1.apply(TestFramework.scala:336)
	at sbt.TestFunction.apply(TestFramework.scala:348)
	at sbt.Tests$.$anonfun$toTask$1(Tests.scala:436)
	at sbt.std.Transform$$anon$3.$anonfun$apply$2(Transform.scala:47)
	at sbt.std.Transform$$anon$4.work(Transform.scala:69)
	at sbt.Execute.$anonfun$submit$2(Execute.scala:283)
	at sbt.internal.util.ErrorHandling$.wideConvert(ErrorHandling.scala:24)
	at sbt.Execute.work(Execute.scala:292)
	at sbt.Execute.$anonfun$submit$1(Execute.scala:283)
	at sbt.ConcurrentRestrictions$$anon$4.$anonfun$submitValid$1(ConcurrentRestrictions.scala:265)
	at sbt.CompletionService$$anon$2.call(CompletionService.scala:65)
	at java.base/java.util.concurrent.FutureTask.run(FutureTask.java:264)
	at java.base/java.util.concurrent.Executors$RunnableAdapter.call(Executors.java:515)
	at java.base/java.util.concurrent.FutureTask.run(FutureTask.java:264)
	at java.base/java.util.concurrent.ThreadPoolExecutor.runWorker(ThreadPoolExecutor.java:1128)
	at java.base/java.util.concurrent.ThreadPoolExecutor$Worker.run(ThreadPoolExecutor.java:628)
	at java.base/java.lang.Thread.run(Thread.java:829)
</failure>
                    </testcase>
          <system-out><![CDATA[]]></system-out>
          <system-err><![CDATA[]]></system-err>
        </testsuite>