<?xml version='1.0' encoding='UTF-8'?>
<testsuite hostname="DESKTOP-3N7HHOH" name="conv.RegularConvFull_SA_TiledNPZSpec" tests="1" errors="0" failures="0" skipped="0" time="155.663" timestamp="2026-01-09T14:53:55">
          <properties>
[...]
</properties>
          <testcase classname="conv.RegularConvFull_SA_TiledNPZSpec" name="RegularConvFull_SA_Tiled (NPZ fully verifiable pipeline) should dump observed outputs for case0~case15 (order = (m,pos))" time="155.663">
                      
                    </testcase>
          <system-out><![CDATA[]]></system-out>
          <system-err><![CDATA[]]></system-err>
        </testsuite>