<?xml version='1.0' encoding='UTF-8'?>
<testsuite hostname="DESKTOP-3N7HHOH" name="conv.DotProductSpec" tests="2" errors="0" failures="0" skipped="0" time="17.026" timestamp="2025-12-30T02:06:06">
          <properties>
[...]
</properties>
          <testcase classname="conv.DotProductSpec" name="DotProduct should compute correct output with positive values" time="9.98">
                      
                    </testcase><testcase classname="conv.DotProductSpec" name="DotProduct should compute correct output with negative values" time="7.046">
                      
                    </testcase>
          <system-out><![CDATA[]]></system-out>
          <system-err><![CDATA[]]></system-err>
        </testsuite>